# project ns (3.12.1) configured on Fri Aug 30 13:13:33 2013 by
# waf 1.5.16 (abi 7, python 20605f0 on linux2)
# using ./waf configure
#

----------------------------------------
Checking for program gcc or cc
  find program=['gcc', 'cc'] paths=[] var='CC'
  -> '/usr/bin/gcc'

----------------------------------------
Checking for program cpp
  find program=['cpp'] paths=[] var='CPP'
  -> '/usr/bin/cpp'

----------------------------------------
Checking for program ar
  find program=['ar'] paths=[] var='AR'
  -> '/usr/bin/ar'

----------------------------------------
Checking for program ranlib
  find program=['ranlib'] paths=[] var='RANLIB'
  -> '/usr/bin/ranlib'

----------------------------------------
Checking for gcc 
ok 

----------------------------------------
Checking for program g++ or c++
  find program=['g++', 'c++'] paths=[] var='CXX'
  -> '/usr/bin/g++'

----------------------------------------
Checking for g++ 
ok 

----------------------------------------
Checking for program pkg-config
  find program=['pkg-config'] paths=[] var='PKG_CONFIG'
  -> '/usr/bin/pkg-config'
==>
#include <stdio.h>
int main() { return 0; }

<==
[1/2] [32mcxx: build/.conf_check_0/test.cc -> build/.conf_check_0/testbuild/debug/test_1.o
[0m['/usr/bin/g++', '-O0', '-ggdb', '-g3', '-Wall', '-Werror', '-Wl,--soname=foo', '-Idebug', '-I..', '-D_DEBUG', '-DNS3_ASSERT_ENABLE', '-DNS3_LOG_ENABLE', '../test.cc', '-c', '-o', 'debug/test_1.o']
[2/2] [33mcxx_link: build/.conf_check_0/testbuild/debug/test_1.o -> build/.conf_check_0/testbuild/debug/testprog
[0m['/usr/bin/g++', 'debug/test_1.o', '-o', '/home/chabli/tarballs/ns-allinone-3.12.1/ns-3.12.1/build/.conf_check_0/testbuild/debug/testprog']

----------------------------------------
Checking for -Wl,--soname=foo support
yes

----------------------------------------
Checking for type uint128_t
==>
#include <stdint.h>

int main() {
	if ((uint128_t *) 0) return 0;
	if (sizeof (uint128_t)) return 0;
}

<==
[1/2] [32mcxx: build/.conf_check_0/test.cpp -> build/.conf_check_0/testbuild/debug/test_1.o
[0m../test.cpp: In function â€˜int main()â€™:
../test.cpp:4: error: â€˜uint128_tâ€™ was not declared in this scope
../test.cpp:4: error: expected primary-expression before â€˜)â€™ token
../test.cpp:4: error: expected â€˜)â€™ before numeric constant
../test.cpp:5: error: â€˜uint128_tâ€™ was not declared in this scope
['/usr/bin/g++', '-O0', '-ggdb', '-g3', '-Wall', '-Werror', '-Idebug', '-I..', '-D_DEBUG', '-DNS3_ASSERT_ENABLE', '-DNS3_LOG_ENABLE', '../test.cpp', '-c', '-o', 'debug/test_1.o']
command returned 'Build failed:  -> task failed (err #1): \n\t{task: cxx test.cpp -> test_1.o}'not found

----------------------------------------
Checking for type __uint128_t
==>
#include <stdint.h>

int main() {
	if ((__uint128_t *) 0) return 0;
	if (sizeof (__uint128_t)) return 0;
}

<==
[1/2] [32mcxx: build/.conf_check_0/test.cpp -> build/.conf_check_0/testbuild/debug/test_1.o
[0m../test.cpp: In function â€˜int main()â€™:
../test.cpp:4: error: â€˜__uint128_tâ€™ was not declared in this scope
../test.cpp:4: error: expected primary-expression before â€˜)â€™ token
../test.cpp:4: error: expected â€˜)â€™ before numeric constant
../test.cpp:5: error: â€˜__uint128_tâ€™ was not declared in this scope
['/usr/bin/g++', '-O0', '-ggdb', '-g3', '-Wall', '-Werror', '-Idebug', '-I..', '-D_DEBUG', '-DNS3_ASSERT_ENABLE', '-DNS3_LOG_ENABLE', '../test.cpp', '-c', '-o', 'debug/test_1.o']
command returned 'Build failed:  -> task failed (err #1): \n\t{task: cxx test.cpp -> test_1.o}'not found

-----------------------------------------------
Checking for high precision time implementation
cairo 128-bit integer

-----------------------------------------------
Checking for header stdint.h
==>
#include <stdint.h>

int main() {
	return 0;
}

<==
[1/2] [32mcxx: build/.conf_check_0/test.cpp -> build/.conf_check_0/testbuild/debug/test_1.o
[0m['/usr/bin/g++', '-O0', '-ggdb', '-g3', '-Wall', '-Werror', '-Idebug', '-I..', '-D_DEBUG', '-DNS3_ASSERT_ENABLE', '-DNS3_LOG_ENABLE', '../test.cpp', '-c', '-o', 'debug/test_1.o']
[2/2] [33mcxx_link: build/.conf_check_0/testbuild/debug/test_1.o -> build/.conf_check_0/testbuild/debug/testprog
[0m['/usr/bin/g++', 'debug/test_1.o', '-o', '/home/chabli/tarballs/ns-allinone-3.12.1/ns-3.12.1/build/.conf_check_0/testbuild/debug/testprog']
yes

-----------------------------------------------
Checking for header inttypes.h
==>
#include <inttypes.h>

int main() {
	return 0;
}

<==
[1/2] [32mcxx: build/.conf_check_0/test.cpp -> build/.conf_check_0/testbuild/debug/test_1.o
[0m['/usr/bin/g++', '-O0', '-ggdb', '-g3', '-Wall', '-Werror', '-Idebug', '-I..', '-D_DEBUG', '-DNS3_ASSERT_ENABLE', '-DNS3_LOG_ENABLE', '../test.cpp', '-c', '-o', 'debug/test_1.o']
[2/2] [33mcxx_link: build/.conf_check_0/testbuild/debug/test_1.o -> build/.conf_check_0/testbuild/debug/testprog
[0m['/usr/bin/g++', 'debug/test_1.o', '-o', '/home/chabli/tarballs/ns-allinone-3.12.1/ns-3.12.1/build/.conf_check_0/testbuild/debug/testprog']
yes

-----------------------------------------------
Checking for header sys/inttypes.h
==>
#include <sys/inttypes.h>

int main() {
	return 0;
}

<==
[1/2] [32mcxx: build/.conf_check_0/test.cpp -> build/.conf_check_0/testbuild/debug/test_1.o
[0m../test.cpp:1:26: error: sys/inttypes.h: No such file or directory
['/usr/bin/g++', '-O0', '-ggdb', '-g3', '-Wall', '-Werror', '-Idebug', '-I..', '-D_DEBUG', '-DNS3_ASSERT_ENABLE', '-DNS3_LOG_ENABLE', '../test.cpp', '-c', '-o', 'debug/test_1.o']
command returned 'Build failed:  -> task failed (err #1): \n\t{task: cxx test.cpp -> test_1.o}'not found

-----------------------------------------------
Checking for header sys/types.h
==>
#include <sys/types.h>

int main() {
	return 0;
}

<==
[1/2] [32mcxx: build/.conf_check_0/test.cpp -> build/.conf_check_0/testbuild/debug/test_1.o
[0m['/usr/bin/g++', '-O0', '-ggdb', '-g3', '-Wall', '-Werror', '-Idebug', '-I..', '-D_DEBUG', '-DNS3_ASSERT_ENABLE', '-DNS3_LOG_ENABLE', '../test.cpp', '-c', '-o', 'debug/test_1.o']
[2/2] [33mcxx_link: build/.conf_check_0/testbuild/debug/test_1.o -> build/.conf_check_0/testbuild/debug/testprog
[0m['/usr/bin/g++', 'debug/test_1.o', '-o', '/home/chabli/tarballs/ns-allinone-3.12.1/ns-3.12.1/build/.conf_check_0/testbuild/debug/testprog']
yes

-----------------------------------------------
Checking for header sys/stat.h
==>
#include <sys/stat.h>

int main() {
	return 0;
}

<==
[1/2] [32mcxx: build/.conf_check_0/test.cpp -> build/.conf_check_0/testbuild/debug/test_1.o
[0m['/usr/bin/g++', '-O0', '-ggdb', '-g3', '-Wall', '-Werror', '-Idebug', '-I..', '-D_DEBUG', '-DNS3_ASSERT_ENABLE', '-DNS3_LOG_ENABLE', '../test.cpp', '-c', '-o', 'debug/test_1.o']
[2/2] [33mcxx_link: build/.conf_check_0/testbuild/debug/test_1.o -> build/.conf_check_0/testbuild/debug/testprog
[0m['/usr/bin/g++', 'debug/test_1.o', '-o', '/home/chabli/tarballs/ns-allinone-3.12.1/ns-3.12.1/build/.conf_check_0/testbuild/debug/testprog']
yes

-----------------------------------------------
Checking for header dirent.h
==>
#include <dirent.h>

int main() {
	return 0;
}

<==
[1/2] [32mcxx: build/.conf_check_0/test.cpp -> build/.conf_check_0/testbuild/debug/test_1.o
[0m['/usr/bin/g++', '-O0', '-ggdb', '-g3', '-Wall', '-Werror', '-Idebug', '-I..', '-D_DEBUG', '-DNS3_ASSERT_ENABLE', '-DNS3_LOG_ENABLE', '../test.cpp', '-c', '-o', 'debug/test_1.o']
[2/2] [33mcxx_link: build/.conf_check_0/testbuild/debug/test_1.o -> build/.conf_check_0/testbuild/debug/testprog
[0m['/usr/bin/g++', 'debug/test_1.o', '-o', '/home/chabli/tarballs/ns-allinone-3.12.1/ns-3.12.1/build/.conf_check_0/testbuild/debug/testprog']
yes

-----------------------------------------------
Checking for header stdlib.h
==>
#include <stdlib.h>

int main() {
	return 0;
}

<==
[1/2] [32mcxx: build/.conf_check_0/test.cpp -> build/.conf_check_0/testbuild/debug/test_1.o
[0m['/usr/bin/g++', '-O0', '-ggdb', '-g3', '-Wall', '-Werror', '-Idebug', '-I..', '-D_DEBUG', '-DNS3_ASSERT_ENABLE', '-DNS3_LOG_ENABLE', '../test.cpp', '-c', '-o', 'debug/test_1.o']
[2/2] [33mcxx_link: build/.conf_check_0/testbuild/debug/test_1.o -> build/.conf_check_0/testbuild/debug/testprog
[0m['/usr/bin/g++', 'debug/test_1.o', '-o', '/home/chabli/tarballs/ns-allinone-3.12.1/ns-3.12.1/build/.conf_check_0/testbuild/debug/testprog']
yes

-----------------------------------------------
Checking for header signal.h
==>
#include <signal.h>

int main() {
	return 0;
}

<==
[1/2] [32mcxx: build/.conf_check_0/test.cpp -> build/.conf_check_0/testbuild/debug/test_1.o
[0m['/usr/bin/g++', '-O0', '-ggdb', '-g3', '-Wall', '-Werror', '-Idebug', '-I..', '-D_DEBUG', '-DNS3_ASSERT_ENABLE', '-DNS3_LOG_ENABLE', '../test.cpp', '-c', '-o', 'debug/test_1.o']
[2/2] [33mcxx_link: build/.conf_check_0/testbuild/debug/test_1.o -> build/.conf_check_0/testbuild/debug/testprog
[0m['/usr/bin/g++', 'debug/test_1.o', '-o', '/home/chabli/tarballs/ns-allinone-3.12.1/ns-3.12.1/build/.conf_check_0/testbuild/debug/testprog']
yes

-----------------------------------------------
Checking for header pthread.h
==>

#include <pthread.h>
int main ()
{
   pthread_mutex_t m;
   pthread_mutex_init (&m, NULL);
   return 0;
}

<==
[1/2] [32mcxx: build/.conf_check_0/test.cpp -> build/.conf_check_0/testbuild/debug/test_1.o
[0m['/usr/bin/g++', '-O0', '-ggdb', '-g3', '-Wall', '-Werror', '-pthread', '-Idebug', '-I..', '-D_DEBUG', '-DNS3_ASSERT_ENABLE', '-DNS3_LOG_ENABLE', '../test.cpp', '-c', '-o', 'debug/test_1.o']
[2/2] [33mcxx_link: build/.conf_check_0/testbuild/debug/test_1.o -> build/.conf_check_0/testbuild/debug/testprog
[0m['/usr/bin/g++', 'debug/test_1.o', '-o', '/home/chabli/tarballs/ns-allinone-3.12.1/ns-3.12.1/build/.conf_check_0/testbuild/debug/testprog', '-pthread']
yes

-----------------------------------------------
Checking for header stdint.h
==>
#include <stdint.h>

int main() {
	return 0;
}

<==
[1/2] [32mcxx: build/.conf_check_0/test.cpp -> build/.conf_check_0/testbuild/debug/test_1.o
[0m['/usr/bin/g++', '-O0', '-ggdb', '-g3', '-Wall', '-Werror', '-Idebug', '-I..', '-D_DEBUG', '-DNS3_ASSERT_ENABLE', '-DNS3_LOG_ENABLE', '../test.cpp', '-c', '-o', 'debug/test_1.o']
[2/2] [33mcxx_link: build/.conf_check_0/testbuild/debug/test_1.o -> build/.conf_check_0/testbuild/debug/testprog
[0m['/usr/bin/g++', 'debug/test_1.o', '-o', '/home/chabli/tarballs/ns-allinone-3.12.1/ns-3.12.1/build/.conf_check_0/testbuild/debug/testprog']
yes

-----------------------------------------------
Checking for header inttypes.h
==>
#include <inttypes.h>

int main() {
	return 0;
}

<==
[1/2] [32mcxx: build/.conf_check_0/test.cpp -> build/.conf_check_0/testbuild/debug/test_1.o
[0m['/usr/bin/g++', '-O0', '-ggdb', '-g3', '-Wall', '-Werror', '-Idebug', '-I..', '-D_DEBUG', '-DNS3_ASSERT_ENABLE', '-DNS3_LOG_ENABLE', '../test.cpp', '-c', '-o', 'debug/test_1.o']
[2/2] [33mcxx_link: build/.conf_check_0/testbuild/debug/test_1.o -> build/.conf_check_0/testbuild/debug/testprog
[0m['/usr/bin/g++', 'debug/test_1.o', '-o', '/home/chabli/tarballs/ns-allinone-3.12.1/ns-3.12.1/build/.conf_check_0/testbuild/debug/testprog']
yes

-----------------------------------------------
Checking for header sys/inttypes.h
==>
#include <sys/inttypes.h>

int main() {
	return 0;
}

<==
[1/2] [32mcxx: build/.conf_check_0/test.cpp -> build/.conf_check_0/testbuild/debug/test_1.o
[0m../test.cpp:1:26: error: sys/inttypes.h: No such file or directory
['/usr/bin/g++', '-O0', '-ggdb', '-g3', '-Wall', '-Werror', '-Idebug', '-I..', '-D_DEBUG', '-DNS3_ASSERT_ENABLE', '-DNS3_LOG_ENABLE', '../test.cpp', '-c', '-o', 'debug/test_1.o']
command returned 'Build failed:  -> task failed (err #1): \n\t{task: cxx test.cpp -> test_1.o}'not found

-----------------------------------------------
Checking for library rt
==>

int main() {
	return 0;
}

<==
[1/2] [32mcxx: build/.conf_check_0/test.cpp -> build/.conf_check_0/testbuild/debug/test_1.o
[0m['/usr/bin/g++', '-O0', '-ggdb', '-g3', '-Wall', '-Werror', '-Idebug', '-I..', '-D_DEBUG', '-DNS3_ASSERT_ENABLE', '-DNS3_LOG_ENABLE', '../test.cpp', '-c', '-o', 'debug/test_1.o']
[2/2] [33mcxx_link: build/.conf_check_0/testbuild/debug/test_1.o -> build/.conf_check_0/testbuild/debug/testprog
[0m['/usr/bin/g++', 'debug/test_1.o', '-o', '/home/chabli/tarballs/ns-allinone-3.12.1/ns-3.12.1/build/.conf_check_0/testbuild/debug/testprog', '-Wl,-Bdynamic', '-lrt']
yes

-----------------------------------------------
Checking for header netpacket/packet.h
==>
#include <netpacket/packet.h>

int main() {
	return 0;
}

<==
[1/2] [32mcxx: build/.conf_check_0/test.cpp -> build/.conf_check_0/testbuild/debug/test_1.o
[0m['/usr/bin/g++', '-O0', '-ggdb', '-g3', '-Wall', '-Werror', '-Idebug', '-I..', '-D_DEBUG', '-DNS3_ASSERT_ENABLE', '-DNS3_LOG_ENABLE', '../test.cpp', '-c', '-o', 'debug/test_1.o']
[2/2] [33mcxx_link: build/.conf_check_0/testbuild/debug/test_1.o -> build/.conf_check_0/testbuild/debug/testprog
[0m['/usr/bin/g++', 'debug/test_1.o', '-o', '/home/chabli/tarballs/ns-allinone-3.12.1/ns-3.12.1/build/.conf_check_0/testbuild/debug/testprog']
yes

-----------------------------------------------
Checking for header linux/if_tun.h
==>
#include <linux/if_tun.h>

int main() {
	return 0;
}

<==
[1/2] [32mcxx: build/.conf_check_0/test.cpp -> build/.conf_check_0/testbuild/debug/test_1.o
[0m['/usr/bin/g++', '-O0', '-ggdb', '-g3', '-Wall', '-Werror', '-Idebug', '-I..', '-D_DEBUG', '-DNS3_ASSERT_ENABLE', '-DNS3_LOG_ENABLE', '../test.cpp', '-c', '-o', 'debug/test_1.o']
[2/2] [33mcxx_link: build/.conf_check_0/testbuild/debug/test_1.o -> build/.conf_check_0/testbuild/debug/testprog
[0m['/usr/bin/g++', 'debug/test_1.o', '-o', '/home/chabli/tarballs/ns-allinone-3.12.1/ns-3.12.1/build/.conf_check_0/testbuild/debug/testprog']
yes

---------------------------------------------------
Checking for pkg-config flags for GTK_CONFIG_STORE 
not found
['/usr/bin/pkg-config', '--cflags', '--libs', 'gtk+-2.0 >= 2.12']: '' (exit code 1)

---------------------------------------------------
Checking for pkg-config flags for LIBXML2 
not found
['/usr/bin/pkg-config', '--cflags', '--libs', 'libxml-2.0 >= 2.6']: '' (exit code 1)

---------------------------------------------------
Checking for NSC location 
ok ../nsc-0.5.2 (guessed)

---------------------------------------------------
Checking for library dl
==>

int main() {
	return 0;
}

<==
[1/2] [32mcxx: build/.conf_check_0/test.cpp -> build/.conf_check_0/testbuild/debug/test_1.o
[0m['/usr/bin/g++', '-O0', '-ggdb', '-g3', '-Wall', '-Werror', '-Idebug', '-I..', '-D_DEBUG', '-DNS3_ASSERT_ENABLE', '-DNS3_LOG_ENABLE', '-DNETWORK_SIMULATION_CRADLE', '../test.cpp', '-c', '-o', 'debug/test_1.o']
[2/2] [33mcxx_link: build/.conf_check_0/testbuild/debug/test_1.o -> build/.conf_check_0/testbuild/debug/testprog
[0m['/usr/bin/g++', 'debug/test_1.o', '-o', '/home/chabli/tarballs/ns-allinone-3.12.1/ns-3.12.1/build/.conf_check_0/testbuild/debug/testprog', '-Wl,-Bdynamic', '-ldl']
yes

---------------------------------------------------
Checking for NSC supported architecture i686
ok 

---------------------------------------------------
Checking for header sys/socket.h
==>
#include <sys/socket.h>

int main() {
	return 0;
}

<==
[1/2] [32mcxx: build/.conf_check_0/test.cpp -> build/.conf_check_0/testbuild/debug/test_1.o
[0m['/usr/bin/g++', '-O0', '-ggdb', '-g3', '-Wall', '-Werror', '-Idebug', '-I..', '-D_DEBUG', '-DNS3_ASSERT_ENABLE', '-DNS3_LOG_ENABLE', '-DNETWORK_SIMULATION_CRADLE', '../test.cpp', '-c', '-o', 'debug/test_1.o']
[2/2] [33mcxx_link: build/.conf_check_0/testbuild/debug/test_1.o -> build/.conf_check_0/testbuild/debug/testprog
[0m['/usr/bin/g++', 'debug/test_1.o', '-o', '/home/chabli/tarballs/ns-allinone-3.12.1/ns-3.12.1/build/.conf_check_0/testbuild/debug/testprog']
yes

---------------------------------------------------
Checking for header netinet/in.h
==>
#include <netinet/in.h>

int main() {
	return 0;
}

<==
[1/2] [32mcxx: build/.conf_check_0/test.cpp -> build/.conf_check_0/testbuild/debug/test_1.o
[0m['/usr/bin/g++', '-O0', '-ggdb', '-g3', '-Wall', '-Werror', '-Idebug', '-I..', '-D_DEBUG', '-DNS3_ASSERT_ENABLE', '-DNS3_LOG_ENABLE', '-DNETWORK_SIMULATION_CRADLE', '../test.cpp', '-c', '-o', 'debug/test_1.o']
[2/2] [33mcxx_link: build/.conf_check_0/testbuild/debug/test_1.o -> build/.conf_check_0/testbuild/debug/testprog
[0m['/usr/bin/g++', 'debug/test_1.o', '-o', '/home/chabli/tarballs/ns-allinone-3.12.1/ns-3.12.1/build/.conf_check_0/testbuild/debug/testprog']
yes

---------------------------------------------------
Checking for click location 
not found

---------------------------------------------------
boost headers
not found

---------------------------------------------------
library boost_signals
not found

---------------------------------------------------
library boost_filesystem
not found

---------------------------------------------------
boost headers
not found

---------------------------------------------------
library boost_signals
not found

---------------------------------------------------
library boost_filesystem
not found

---------------------------------------------------
Checking for library sqlite3
==>

int main() {
	return 0;
}

<==
[1/2] [32mcxx: build/.conf_check_0/test.cpp -> build/.conf_check_0/testbuild/debug/test_1.o
[0m['/usr/bin/g++', '-O0', '-ggdb', '-g3', '-Wall', '-Werror', '-Idebug', '-I..', '-D_DEBUG', '-DNS3_ASSERT_ENABLE', '-DNS3_LOG_ENABLE', '-DNETWORK_SIMULATION_CRADLE', '../test.cpp', '-c', '-o', 'debug/test_1.o']
[2/2] [33mcxx_link: build/.conf_check_0/testbuild/debug/test_1.o -> build/.conf_check_0/testbuild/debug/testprog
[0m/usr/bin/ld: cannot find -lsqlite3
collect2: ld returned 1 exit status
['/usr/bin/g++', 'debug/test_1.o', '-o', '/home/chabli/tarballs/ns-allinone-3.12.1/ns-3.12.1/build/.conf_check_0/testbuild/debug/testprog', '-Wl,-Bdynamic', '-lsqlite3']
command returned 'Build failed:  -> task failed (err #1): \n\t{task: cxx_link test_1.o -> testprog}'not found

---------------------------------------------------
Checking for program python
  find program=['python'] paths=[] var='PYTHON'
  -> '/usr/bin/python'

---------------------------------------------------
Checking for Python version >= 2.3
ok 2.6.5
Configuration returned from '/usr/bin/python':
python_prefix = '/usr'
python_SO = '.so'
python_SYSLIBS = '-lm'
python_LDFLAGS = '-Wl,-Bsymbolic-functions'
python_SHLIBS = '-lpthread -ldl  -lutil'
python_LIBDIR = '/usr/lib'
python_LIBPL = '/usr/lib/python2.6/config'
INCLUDEPY = '/usr/include/python2.6'
Py_ENABLE_SHARED = 0
MACOSX_DEPLOYMENT_TARGET = ''


# Trying LIBDIR: ['/usr/lib']

---------------------------------------------------
Checking for library python2.6
==>

int main() {
	return 0;
}

<==
[1/2] [32mcxx: build/.conf_check_0/test.cpp -> build/.conf_check_0/testbuild/debug/test_1.o
[0m['/usr/bin/g++', '-O0', '-ggdb', '-g3', '-Wall', '-Werror', '-Idebug', '-I..', '-D_DEBUG', '-DNS3_ASSERT_ENABLE', '-DNS3_LOG_ENABLE', '-DNETWORK_SIMULATION_CRADLE', '../test.cpp', '-c', '-o', 'debug/test_1.o']
[2/2] [33mcxx_link: build/.conf_check_0/testbuild/debug/test_1.o -> build/.conf_check_0/testbuild/debug/testprog
[0m['/usr/bin/g++', 'debug/test_1.o', '-o', '/home/chabli/tarballs/ns-allinone-3.12.1/ns-3.12.1/build/.conf_check_0/testbuild/debug/testprog', '-Wl,-Bsymbolic-functions', '-L/usr/lib', '-Wl,-Bdynamic', '-lpython2.6', '-lm', '-lpthread', '-ldl', '-lutil']
yes

---------------------------------------------------
Checking for program python2.6-config
  find program=['python2.6-config'] paths=[] var='PYTHON_CONFIG'
  -> '/usr/bin/python2.6-config'
Include path for Python extensions (found via python-config --includes): ['/usr/include/python2.6']

---------------------------------------------------
Checking for header Python.h
==>

#include <Python.h>

#ifdef __cplusplus
extern "C" {
#endif
	void Py_Initialize(void);
	void Py_Finalize(void);
#ifdef __cplusplus
}
#endif
int main()
{
   Py_Initialize();
   Py_Finalize();
   return 0;
}

<==
[1/2] [32mcxx: build/.conf_check_0/test.cpp -> build/.conf_check_0/testbuild/debug/test_1.o
[0m['/usr/bin/g++', '-O0', '-ggdb', '-g3', '-Wall', '-Werror', '-fno-strict-aliasing', '-Idebug', '-I..', '-I/usr/include/python2.6', '-D_DEBUG', '-DNS3_ASSERT_ENABLE', '-DNS3_LOG_ENABLE', '-DNETWORK_SIMULATION_CRADLE', '../test.cpp', '-c', '-o', 'debug/test_1.o']
[2/2] [33mcxx_link: build/.conf_check_0/testbuild/debug/test_1.o -> build/.conf_check_0/testbuild/debug/testprog
[0m['/usr/bin/g++', 'debug/test_1.o', '-o', '/home/chabli/tarballs/ns-allinone-3.12.1/ns-3.12.1/build/.conf_check_0/testbuild/debug/testprog', '-Wl,-Bsymbolic-functions', '-L/usr/lib', '-Wl,-Bdynamic', '-lm', '-lpthread', '-ldl', '-lutil', '-lpython2.6']
yes
==>
#include <stdio.h>
int main() { return 0; }

<==
[1/2] [32mcxx: build/.conf_check_0/test.cc -> build/.conf_check_0/testbuild/debug/test_1.o
[0m['/usr/bin/g++', '-O0', '-ggdb', '-g3', '-Wall', '-Werror', '-fvisibility=hidden', '-Idebug', '-I..', '-D_DEBUG', '-DNS3_ASSERT_ENABLE', '-DNS3_LOG_ENABLE', '-DNETWORK_SIMULATION_CRADLE', '../test.cc', '-c', '-o', 'debug/test_1.o']
[2/2] [33mcxx_link: build/.conf_check_0/testbuild/debug/test_1.o -> build/.conf_check_0/testbuild/debug/testprog
[0m['/usr/bin/g++', 'debug/test_1.o', '-o', '/home/chabli/tarballs/ns-allinone-3.12.1/ns-3.12.1/build/.conf_check_0/testbuild/debug/testprog']

---------------------------------------------------
Checking for -fvisibility=hidden support
yes

---------------------------------------------------
Checking for pybindgen location 
ok ../pybindgen-0.15.0.795 (guessed)

---------------------------------------------------
Checking for Python module pybindgen
ok 

---------------------------------------------------
Checking for pybindgen version
ok 0.15.0.795
==>

#include <stdint.h>
#include <vector>

int main ()
{
   std::vector< uint64_t > t = std::vector< unsigned long > ();
   return 0;
}

<==
[1/2] [32mcxx: build/.conf_check_0/test.cc -> build/.conf_check_0/testbuild/debug/test_1.o
[0m../test.cc: In function â€˜int main()â€™:
../test.cc:7: error: conversion from â€˜std::vector<long unsigned int, std::allocator<long unsigned int> >â€™ to non-scalar type â€˜std::vector<long long unsigned int, std::allocator<long long unsigned int> >â€™ requested
['/usr/bin/g++', '-O0', '-ggdb', '-g3', '-Wall', '-Werror', '-Idebug', '-I..', '-D_DEBUG', '-DNS3_ASSERT_ENABLE', '-DNS3_LOG_ENABLE', '-DNETWORK_SIMULATION_CRADLE', '../test.cc', '-c', '-o', 'debug/test_1.o']
command returned 'Build failed:  -> task failed (err #1): \n\t{task: cxx test.cc -> test_1.o}'
---------------------------------------------------------
Checking for types uint64_t and unsigned long equivalency
no
==>

#include <stdint.h>
#include <vector>

int main ()
{
   std::vector< uint64_t > t = std::vector< unsigned long long > ();
   return 0;
}

<==
[1/2] [32mcxx: build/.conf_check_0/test.cc -> build/.conf_check_0/testbuild/debug/test_1.o
[0m['/usr/bin/g++', '-O0', '-ggdb', '-g3', '-Wall', '-Werror', '-Idebug', '-I..', '-D_DEBUG', '-DNS3_ASSERT_ENABLE', '-DNS3_LOG_ENABLE', '-DNETWORK_SIMULATION_CRADLE', '../test.cc', '-c', '-o', 'debug/test_1.o']
[2/2] [33mcxx_link: build/.conf_check_0/testbuild/debug/test_1.o -> build/.conf_check_0/testbuild/debug/testprog
[0m['/usr/bin/g++', 'debug/test_1.o', '-o', '/home/chabli/tarballs/ns-allinone-3.12.1/ns-3.12.1/build/.conf_check_0/testbuild/debug/testprog']

--------------------------------------------------------------
Checking for types uint64_t and unsigned long long equivalency
yes

--------------------------------------------------------------
Checking for the apidefs that can be used for Python bindings 
gcc-ILP32

--------------------------------------------------------------
Checking for internal GCC cxxabi
==>

# include <cxxabi.h>
int main ()
{
   const abi::__si_class_type_info *_typeinfo  __attribute__((unused)) = NULL;
   return 0;
}

<==
[1/2] [32mcxx: build/.conf_check_0/test.cpp -> build/.conf_check_0/testbuild/debug/test_1.o
[0m['/usr/bin/g++', '-O0', '-ggdb', '-g3', '-Wall', '-Werror', '-Idebug', '-I..', '-D_DEBUG', '-DNS3_ASSERT_ENABLE', '-DNS3_LOG_ENABLE', '-DNETWORK_SIMULATION_CRADLE', '../test.cpp', '-c', '-o', 'debug/test_1.o']
[2/2] [33mcxx_link: build/.conf_check_0/testbuild/debug/test_1.o -> build/.conf_check_0/testbuild/debug/testprog
[0m['/usr/bin/g++', 'debug/test_1.o', '-o', '/home/chabli/tarballs/ns-allinone-3.12.1/ns-3.12.1/build/.conf_check_0/testbuild/debug/testprog']
complete

--------------------------------------------------------------
Checking for Python module pygccxml
not found

--------------------------------------------------------------
Checking for program mpic++
  find program=['mpic++'] paths=[] var='MPI'
  -> '/usr/bin/mpic++'

--------------------------------------------------------------
Checking for program sudo
  find program=['sudo'] paths=[] var='SUDO'
  -> '/usr/bin/sudo'

--------------------------------------------------------------
Checking for program valgrind
  find program=['valgrind'] paths=[] var='VALGRIND'
  -> ''

--------------------------------------------------------------
Checking for pkg-config flags for GSL 
not found
['/usr/bin/pkg-config', '--cflags', '--libs', 'gsl']: '' (exit code 1)
==>
#include <stdio.h>
int main() { return 0; }

<==
[1/2] [32mcxx: build/.conf_check_0/test.cc -> build/.conf_check_0/testbuild/debug/test_1.o
[0m['/usr/bin/g++', '-O0', '-ggdb', '-g3', '-Wall', '-Werror', '-Wno-error=deprecated-declarations', '-Idebug', '-I..', '-D_DEBUG', '-DNS3_ASSERT_ENABLE', '-DNS3_LOG_ENABLE', '-DNETWORK_SIMULATION_CRADLE', '../test.cc', '-c', '-o', 'debug/test_1.o']
[2/2] [33mcxx_link: build/.conf_check_0/testbuild/debug/test_1.o -> build/.conf_check_0/testbuild/debug/testprog
[0m['/usr/bin/g++', 'debug/test_1.o', '-o', '/home/chabli/tarballs/ns-allinone-3.12.1/ns-3.12.1/build/.conf_check_0/testbuild/debug/testprog']

--------------------------------------------------------------
Checking for -Wno-error=deprecated-declarations support
yes
==>
#include <stdio.h>
int main() { return 0; }

<==
[1/2] [32mcc: build/.conf_check_0/test.c -> build/.conf_check_0/testbuild/debug/test_1.o
[0m['/usr/bin/gcc', '-O0', '-ggdb', '-g3', '-Wall', '-Werror', '-O0', '-ggdb', '-g3', '-Wall', '-Werror', '-Wno-error=deprecated-declarations', '-Idebug', '-I..', '-D_DEBUG', '-DNS3_ASSERT_ENABLE', '-DNS3_LOG_ENABLE', '-DNETWORK_SIMULATION_CRADLE', '../test.c', '-c', '-o', 'debug/test_1.o']
[2/2] [33mcc_link: build/.conf_check_0/testbuild/debug/test_1.o -> build/.conf_check_0/testbuild/debug/testprog
[0m['/usr/bin/gcc', 'debug/test_1.o', '-o', '/home/chabli/tarballs/ns-allinone-3.12.1/ns-3.12.1/build/.conf_check_0/testbuild/debug/testprog']

--------------------------------------------------------------
Checking for -Wno-error=deprecated-declarations support
yes
==>
#include <stdio.h>
int main() { return 0; }

<==
[1/2] [32mcxx: build/.conf_check_0/test.cc -> build/.conf_check_0/testbuild/debug/test_1.o
[0m['/usr/bin/g++', '-O0', '-ggdb', '-g3', '-Wall', '-Werror', '-Wno-error=deprecated-declarations', '-fstrict-aliasing', '-Idebug', '-I..', '-D_DEBUG', '-DNS3_ASSERT_ENABLE', '-DNS3_LOG_ENABLE', '-DNETWORK_SIMULATION_CRADLE', '../test.cc', '-c', '-o', 'debug/test_1.o']
[2/2] [33mcxx_link: build/.conf_check_0/testbuild/debug/test_1.o -> build/.conf_check_0/testbuild/debug/testprog
[0m['/usr/bin/g++', 'debug/test_1.o', '-o', '/home/chabli/tarballs/ns-allinone-3.12.1/ns-3.12.1/build/.conf_check_0/testbuild/debug/testprog']

--------------------------------------------------------------
Checking for -fstrict-aliasing support
yes
==>
#include <stdio.h>
int main() { return 0; }

<==
[1/2] [32mcc: build/.conf_check_0/test.c -> build/.conf_check_0/testbuild/debug/test_1.o
[0m['/usr/bin/gcc', '-O0', '-ggdb', '-g3', '-Wall', '-Werror', '-O0', '-ggdb', '-g3', '-Wall', '-Werror', '-Wno-error=deprecated-declarations', '-fstrict-aliasing', '-Idebug', '-I..', '-D_DEBUG', '-DNS3_ASSERT_ENABLE', '-DNS3_LOG_ENABLE', '-DNETWORK_SIMULATION_CRADLE', '../test.c', '-c', '-o', 'debug/test_1.o']
[2/2] [33mcc_link: build/.conf_check_0/testbuild/debug/test_1.o -> build/.conf_check_0/testbuild/debug/testprog
[0m['/usr/bin/gcc', 'debug/test_1.o', '-o', '/home/chabli/tarballs/ns-allinone-3.12.1/ns-3.12.1/build/.conf_check_0/testbuild/debug/testprog']

--------------------------------------------------------------
Checking for -fstrict-aliasing support
yes
==>
#include <stdio.h>
int main() { return 0; }

<==
[1/2] [32mcxx: build/.conf_check_0/test.cc -> build/.conf_check_0/testbuild/debug/test_1.o
[0m['/usr/bin/g++', '-O0', '-ggdb', '-g3', '-Wall', '-Werror', '-Wno-error=deprecated-declarations', '-fstrict-aliasing', '-Wstrict-aliasing', '-Idebug', '-I..', '-D_DEBUG', '-DNS3_ASSERT_ENABLE', '-DNS3_LOG_ENABLE', '-DNETWORK_SIMULATION_CRADLE', '../test.cc', '-c', '-o', 'debug/test_1.o']
[2/2] [33mcxx_link: build/.conf_check_0/testbuild/debug/test_1.o -> build/.conf_check_0/testbuild/debug/testprog
[0m['/usr/bin/g++', 'debug/test_1.o', '-o', '/home/chabli/tarballs/ns-allinone-3.12.1/ns-3.12.1/build/.conf_check_0/testbuild/debug/testprog']

--------------------------------------------------------------
Checking for -Wstrict-aliasing support
yes
==>
#include <stdio.h>
int main() { return 0; }

<==
[1/2] [32mcc: build/.conf_check_0/test.c -> build/.conf_check_0/testbuild/debug/test_1.o
[0m['/usr/bin/gcc', '-O0', '-ggdb', '-g3', '-Wall', '-Werror', '-O0', '-ggdb', '-g3', '-Wall', '-Werror', '-Wno-error=deprecated-declarations', '-fstrict-aliasing', '-Wstrict-aliasing', '-Idebug', '-I..', '-D_DEBUG', '-DNS3_ASSERT_ENABLE', '-DNS3_LOG_ENABLE', '-DNETWORK_SIMULATION_CRADLE', '../test.c', '-c', '-o', 'debug/test_1.o']
[2/2] [33mcc_link: build/.conf_check_0/testbuild/debug/test_1.o -> build/.conf_check_0/testbuild/debug/testprog
[0m['/usr/bin/gcc', 'debug/test_1.o', '-o', '/home/chabli/tarballs/ns-allinone-3.12.1/ns-3.12.1/build/.conf_check_0/testbuild/debug/testprog']

--------------------------------------------------------------
Checking for -Wstrict-aliasing support
yes

--------------------------------------------------------------
Checking for program doxygen
  find program=['doxygen'] paths=[] var='DOXYGEN'
  -> ''
